# JRE version: Java(TM) SE Runtime Environment (8.0_231-b11) (build 1.8.0_231-b11)
# Java VM: Java HotSpot(TM) 64-Bit Server VM (25.231-b11 mixed mode windows-amd64 compressed oops)
Heap:
 PSYoungGen      total 646144K, used 170039K [0x00000000d6200000, 0x0000000100000000, 0x0000000100000000)
  eden space 611840K, 27% used [0x00000000d6200000,0x00000000e07bdee0,0x00000000fb780000)
  from space 34304K, 0% used [0x00000000fb780000,0x00000000fb7d0000,0x00000000fd900000)
  to   space 32768K, 0% used [0x00000000fe000000,0x00000000fe000000,0x0000000100000000)
 ParOldGen       total 305664K, used 186656K [0x0000000082600000, 0x0000000095080000, 0x00000000d6200000)
  object space 305664K, 61% used [0x0000000082600000,0x000000008dc481f8,0x0000000095080000)
 Metaspace       used 61542K, capacity 64109K, committed 64896K, reserved 1105920K
  class space    used 7515K, capacity 8421K, committed 8576K, reserved 1048576K
GC Heap History (10 events):
Event: 1911.416 GC heap before
{Heap before GC invocations=66 (full 5):
 PSYoungGen      total 636416K, used 598016K [0x00000000d6200000, 0x00000000ffb80000, 0x0000000100000000)
  eden space 597504K, 100% used [0x00000000d6200000,0x00000000fa980000,0x00000000fa980000)
  from space 38912K, 1% used [0x00000000fd580000,0x00000000fd600000,0x00000000ffb80000)
  to   space 41984K, 0% used [0x00000000fa980000,0x00000000fa980000,0x00000000fd280000)
 ParOldGen       total 305664K, used 185368K [0x0000000082600000, 0x0000000095080000, 0x00000000d6200000)
  object space 305664K, 60% used [0x0000000082600000,0x000000008db06188,0x0000000095080000)
 Metaspace       used 61360K, capacity 63909K, committed 64896K, reserved 1105920K
  class space    used 7502K, capacity 8417K, committed 8576K, reserved 1048576K
Event: 1911.419 GC heap after
Heap after GC invocations=66 (full 5):
 PSYoungGen      total 639488K, used 1706K [0x00000000d6200000, 0x00000000fff00000, 0x0000000100000000)
  eden space 597504K, 0% used [0x00000000d6200000,0x00000000d6200000,0x00000000fa980000)
  from space 41984K, 4% used [0x00000000fa980000,0x00000000fab2a9a8,0x00000000fd280000)
  to   space 39936K, 0% used [0x00000000fd800000,0x00000000fd800000,0x00000000fff00000)
 ParOldGen       total 305664K, used 185384K [0x0000000082600000, 0x0000000095080000, 0x00000000d6200000)
  object space 305664K, 60% used [0x0000000082600000,0x000000008db0a188,0x0000000095080000)
 Metaspace       used 61360K, capacity 63909K, committed 64896K, reserved 1105920K
  class space    used 7502K, capacity 8417K, committed 8576K, reserved 1048576K
}
Event: 1912.765 GC heap before
{Heap before GC invocations=67 (full 5):
 PSYoungGen      total 639488K, used 599210K [0x00000000d6200000, 0x00000000fff00000, 0x0000000100000000)
  eden space 597504K, 100% used [0x00000000d6200000,0x00000000fa980000,0x00000000fa980000)
  from space 41984K, 4% used [0x00000000fa980000,0x00000000fab2a9a8,0x00000000fd280000)
  to   space 39936K, 0% used [0x00000000fd800000,0x00000000fd800000,0x00000000fff00000)
 ParOldGen       total 305664K, used 185384K [0x0000000082600000, 0x0000000095080000, 0x00000000d6200000)
  object space 305664K, 60% used [0x0000000082600000,0x000000008db0a188,0x0000000095080000)
 Metaspace       used 61360K, capacity 63909K, committed 64896K, reserved 1105920K
  class space    used 7502K, capacity 8417K, committed 8576K, reserved 1048576K
Event: 1912.769 GC heap after
Heap after GC invocations=67 (full 5):
 PSYoungGen      total 638976K, used 416K [0x00000000d6200000, 0x00000000ffa00000, 0x0000000100000000)
  eden space 604160K, 0% used [0x00000000d6200000,0x00000000d6200000,0x00000000fb000000)
  from space 34816K, 1% used [0x00000000fd800000,0x00000000fd868000,0x00000000ffa00000)
  to   space 37888K, 0% used [0x00000000fb000000,0x00000000fb000000,0x00000000fd500000)
 ParOldGen       total 305664K, used 186568K [0x0000000082600000, 0x0000000095080000, 0x00000000d6200000)
  object space 305664K, 61% used [0x0000000082600000,0x000000008dc321f8,0x0000000095080000)
 Metaspace       used 61360K, capacity 63909K, committed 64896K, reserved 1105920K
  class space    used 7502K, capacity 8417K, committed 8576K, reserved 1048576K
}
Event: 1912.836 GC heap before
{Heap before GC invocations=68 (full 5):
 PSYoungGen      total 638976K, used 604576K [0x00000000d6200000, 0x00000000ffa00000, 0x0000000100000000)
  eden space 604160K, 100% used [0x00000000d6200000,0x00000000fb000000,0x00000000fb000000)
  from space 34816K, 1% used [0x00000000fd800000,0x00000000fd868000,0x00000000ffa00000)
  to   space 37888K, 0% used [0x00000000fb000000,0x00000000fb000000,0x00000000fd500000)
 ParOldGen       total 305664K, used 186568K [0x0000000082600000, 0x0000000095080000, 0x00000000d6200000)
  object space 305664K, 61% used [0x0000000082600000,0x000000008dc321f8,0x0000000095080000)
 Metaspace       used 61360K, capacity 63909K, committed 64896K, reserved 1105920K
  class space    used 7502K, capacity 8417K, committed 8576K, reserved 1048576K
Event: 1912.839 GC heap after
Heap after GC invocations=68 (full 5):
 PSYoungGen      total 642048K, used 512K [0x00000000d6200000, 0x0000000100000000, 0x0000000100000000)
  eden space 604160K, 0% used [0x00000000d6200000,0x00000000d6200000,0x00000000fb000000)
  from space 37888K, 1% used [0x00000000fb000000,0x00000000fb080000,0x00000000fd500000)
  to   space 36352K, 0% used [0x00000000fdc80000,0x00000000fdc80000,0x0000000100000000)
 ParOldGen       total 305664K, used 186616K [0x0000000082600000, 0x0000000095080000, 0x00000000d6200000)
  object space 305664K, 61% used [0x0000000082600000,0x000000008dc3e1f8,0x0000000095080000)
 Metaspace       used 61360K, capacity 63909K, committed 64896K, reserved 1105920K
  class space    used 7502K, capacity 8417K, committed 8576K, reserved 1048576K
}
Event: 1912.888 GC heap before
{Heap before GC invocations=69 (full 5):
 PSYoungGen      total 642048K, used 604672K [0x00000000d6200000, 0x0000000100000000, 0x0000000100000000)
  eden space 604160K, 100% used [0x00000000d6200000,0x00000000fb000000,0x00000000fb000000)
  from space 37888K, 1% used [0x00000000fb000000,0x00000000fb080000,0x00000000fd500000)
  to   space 36352K, 0% used [0x00000000fdc80000,0x00000000fdc80000,0x0000000100000000)
 ParOldGen       total 305664K, used 186616K [0x0000000082600000, 0x0000000095080000, 0x00000000d6200000)
  object space 305664K, 61% used [0x0000000082600000,0x000000008dc3e1f8,0x0000000095080000)
 Metaspace       used 61360K, capacity 63909K, committed 64896K, reserved 1105920K
  class space    used 7502K, capacity 8417K, committed 8576K, reserved 1048576K
Event: 1912.891 GC heap after
Heap after GC invocations=69 (full 5):
 PSYoungGen      total 642560K, used 352K [0x00000000d6200000, 0x00000000ffa80000, 0x0000000100000000)
  eden space 611840K, 0% used [0x00000000d6200000,0x00000000d6200000,0x00000000fb780000)
  from space 30720K, 1% used [0x00000000fdc80000,0x00000000fdcd8000,0x00000000ffa80000)
  to   space 34304K, 0% used [0x00000000fb780000,0x00000000fb780000,0x00000000fd900000)
 ParOldGen       total 305664K, used 186632K [0x0000000082600000, 0x0000000095080000, 0x00000000d6200000)
  object space 305664K, 61% used [0x0000000082600000,0x000000008dc421f8,0x0000000095080000)
 Metaspace       used 61360K, capacity 63909K, committed 64896K, reserved 1105920K
  class space    used 7502K, capacity 8417K, committed 8576K, reserved 1048576K
}
Event: 1912.921 GC heap before
{Heap before GC invocations=70 (full 5):
 PSYoungGen      total 642560K, used 612192K [0x00000000d6200000, 0x00000000ffa80000, 0x0000000100000000)
  eden space 611840K, 100% used [0x00000000d6200000,0x00000000fb780000,0x00000000fb780000)
  from space 30720K, 1% used [0x00000000fdc80000,0x00000000fdcd8000,0x00000000ffa80000)
  to   space 34304K, 0% used [0x00000000fb780000,0x00000000fb780000,0x00000000fd900000)
 ParOldGen       total 305664K, used 186632K [0x0000000082600000, 0x0000000095080000, 0x00000000d6200000)
  object space 305664K, 61% used [0x0000000082600000,0x000000008dc421f8,0x0000000095080000)
 Metaspace       used 61360K, capacity 63909K, committed 64896K, reserved 1105920K
  class space    used 7502K, capacity 8417K, committed 8576K, reserved 1048576K
Event: 1912.924 GC heap after
Heap after GC invocations=70 (full 5):
 PSYoungGen      total 646144K, used 320K [0x00000000d6200000, 0x0000000100000000, 0x0000000100000000)
  eden space 611840K, 0% used [0x00000000d6200000,0x00000000d6200000,0x00000000fb780000)
  from space 34304K, 0% used [0x00000000fb780000,0x00000000fb7d0000,0x00000000fd900000)
  to   space 32768K, 0% used [0x00000000fe000000,0x00000000fe000000,0x0000000100000000)
 ParOldGen       total 305664K, used 186656K [0x0000000082600000, 0x0000000095080000, 0x00000000d6200000)
  object space 305664K, 61% used [0x0000000082600000,0x000000008dc481f8,0x0000000095080000)
 Metaspace       used 61360K, capacity 63909K, committed 64896K, reserved 1105920K
  class space    used 7502K, capacity 8417K, committed 8576K, reserved 1048576K
}

